INFO:numexpr.utils:2025-05-18 18:38:10,517:NumExpr defaulting to 8 threads.
DEBUG:lynguine.config.interface:2025-05-18 18:38:11,056:Attempting to open file "./_lynguine.yml".
INFO:lynguine.config.interface:2025-05-18 18:38:11,056:No configuration file found at "./_lynguine.yml". creating empty interface.
DEBUG:lynguine.config.interface:2025-05-18 18:38:11,056:Initialising lynguine.assess.Interface object.
DEBUG:lynguine.config.interface:2025-05-18 18:38:11,059:Attempting to open file "./_lamd.yml".
DEBUG:lynguine.config.interface:2025-05-18 18:38:11,059:Reading yaml file "./_lamd.yml"
DEBUG:lynguine.config.interface:2025-05-18 18:38:11,060:Initialising lynguine.assess.Interface object.
INFO:numexpr.utils:2025-05-18 18:38:15,712:NumExpr defaulting to 8 threads.
DEBUG:lynguine.config.interface:2025-05-18 18:38:16,160:Attempting to open file "./_lynguine.yml".
INFO:lynguine.config.interface:2025-05-18 18:38:16,160:No configuration file found at "./_lynguine.yml". creating empty interface.
DEBUG:lynguine.config.interface:2025-05-18 18:38:16,160:Initialising lynguine.assess.Interface object.
DEBUG:lynguine.config.interface:2025-05-18 18:38:16,161:Attempting to open file "./_lamd.yml".
DEBUG:lynguine.config.interface:2025-05-18 18:38:16,161:Reading yaml file "./_lamd.yml"
DEBUG:lynguine.config.interface:2025-05-18 18:38:16,161:Initialising lynguine.assess.Interface object.
INFO:numexpr.utils:2025-05-18 18:38:16,629:NumExpr defaulting to 8 threads.
DEBUG:lynguine.config.interface:2025-05-18 18:38:17,077:Attempting to open file "./_lynguine.yml".
INFO:lynguine.config.interface:2025-05-18 18:38:17,077:No configuration file found at "./_lynguine.yml". creating empty interface.
DEBUG:lynguine.config.interface:2025-05-18 18:38:17,077:Initialising lynguine.assess.Interface object.
DEBUG:lynguine.config.interface:2025-05-18 18:38:17,078:Attempting to open file "./_lamd.yml".
DEBUG:lynguine.config.interface:2025-05-18 18:38:17,078:Reading yaml file "./_lamd.yml"
DEBUG:lynguine.config.interface:2025-05-18 18:38:17,078:Initialising lynguine.assess.Interface object.
INFO:numexpr.utils:2025-05-18 18:38:17,498:NumExpr defaulting to 8 threads.
DEBUG:lynguine.config.interface:2025-05-18 18:38:17,986:Attempting to open file "./_lynguine.yml".
INFO:lynguine.config.interface:2025-05-18 18:38:17,987:No configuration file found at "./_lynguine.yml". creating empty interface.
DEBUG:lynguine.config.interface:2025-05-18 18:38:17,987:Initialising lynguine.assess.Interface object.
INFO:numexpr.utils:2025-05-18 18:38:18,454:NumExpr defaulting to 8 threads.
DEBUG:lynguine.config.interface:2025-05-18 18:38:19,099:Attempting to open file "./_lynguine.yml".
INFO:lynguine.config.interface:2025-05-18 18:38:19,099:No configuration file found at "./_lynguine.yml". creating empty interface.
DEBUG:lynguine.config.interface:2025-05-18 18:38:19,099:Initialising lynguine.assess.Interface object.
DEBUG:lynguine.config.interface:2025-05-18 18:38:19,100:Attempting to open file "./_lamd.yml".
DEBUG:lynguine.config.interface:2025-05-18 18:38:19,100:Reading yaml file "./_lamd.yml"
DEBUG:lynguine.config.interface:2025-05-18 18:38:19,101:Initialising lynguine.assess.Interface object.
INFO:numexpr.utils:2025-05-18 18:38:19,565:NumExpr defaulting to 8 threads.
DEBUG:lynguine.config.interface:2025-05-18 18:38:20,102:Attempting to open file "./_lynguine.yml".
INFO:lynguine.config.interface:2025-05-18 18:38:20,102:No configuration file found at "./_lynguine.yml". creating empty interface.
DEBUG:lynguine.config.interface:2025-05-18 18:38:20,102:Initialising lynguine.assess.Interface object.
INFO:numexpr.utils:2025-05-18 18:38:20,523:NumExpr defaulting to 8 threads.
DEBUG:lynguine.config.interface:2025-05-18 18:38:21,068:Attempting to open file "./_lynguine.yml".
INFO:lynguine.config.interface:2025-05-18 18:38:21,069:No configuration file found at "./_lynguine.yml". creating empty interface.
DEBUG:lynguine.config.interface:2025-05-18 18:38:21,069:Initialising lynguine.assess.Interface object.
DEBUG:lynguine.config.interface:2025-05-18 18:38:21,069:Attempting to open file "./_lamd.yml".
DEBUG:lynguine.config.interface:2025-05-18 18:38:21,069:Reading yaml file "./_lamd.yml"
DEBUG:lynguine.config.interface:2025-05-18 18:38:21,070:Initialising lynguine.assess.Interface object.
INFO:numexpr.utils:2025-05-18 18:38:21,659:NumExpr defaulting to 8 threads.
DEBUG:lynguine.config.interface:2025-05-18 18:38:22,236:Attempting to open file "./_lynguine.yml".
INFO:lynguine.config.interface:2025-05-18 18:38:22,236:No configuration file found at "./_lynguine.yml". creating empty interface.
DEBUG:lynguine.config.interface:2025-05-18 18:38:22,236:Initialising lynguine.assess.Interface object.
INFO:numexpr.utils:2025-05-18 18:38:22,732:NumExpr defaulting to 8 threads.
DEBUG:lynguine.config.interface:2025-05-18 18:38:23,247:Attempting to open file "./_lynguine.yml".
INFO:lynguine.config.interface:2025-05-18 18:38:23,247:No configuration file found at "./_lynguine.yml". creating empty interface.
DEBUG:lynguine.config.interface:2025-05-18 18:38:23,248:Initialising lynguine.assess.Interface object.
DEBUG:lynguine.config.interface:2025-05-18 18:38:23,248:Attempting to open file "./_lamd.yml".
DEBUG:lynguine.config.interface:2025-05-18 18:38:23,248:Reading yaml file "./_lamd.yml"
DEBUG:lynguine.config.interface:2025-05-18 18:38:23,248:Initialising lynguine.assess.Interface object.
INFO:numexpr.utils:2025-05-18 18:38:23,547:NumExpr defaulting to 8 threads.
DEBUG:lynguine.config.interface:2025-05-18 18:38:24,000:Attempting to open file "./_lynguine.yml".
INFO:lynguine.config.interface:2025-05-18 18:38:24,000:No configuration file found at "./_lynguine.yml". creating empty interface.
DEBUG:lynguine.config.interface:2025-05-18 18:38:24,000:Initialising lynguine.assess.Interface object.
INFO:numexpr.utils:2025-05-18 18:38:24,299:NumExpr defaulting to 8 threads.
DEBUG:lynguine.config.interface:2025-05-18 18:38:24,753:Attempting to open file "./_lynguine.yml".
INFO:lynguine.config.interface:2025-05-18 18:38:24,753:No configuration file found at "./_lynguine.yml". creating empty interface.
DEBUG:lynguine.config.interface:2025-05-18 18:38:24,753:Initialising lynguine.assess.Interface object.
DEBUG:lynguine.config.interface:2025-05-18 18:38:24,754:Attempting to open file "./_lamd.yml".
DEBUG:lynguine.config.interface:2025-05-18 18:38:24,754:Reading yaml file "./_lamd.yml"
DEBUG:lynguine.config.interface:2025-05-18 18:38:24,754:Initialising lynguine.assess.Interface object.
INFO:numexpr.utils:2025-05-18 18:38:25,027:NumExpr defaulting to 8 threads.
DEBUG:lynguine.config.interface:2025-05-18 18:38:25,485:Attempting to open file "./_lynguine.yml".
INFO:lynguine.config.interface:2025-05-18 18:38:25,485:No configuration file found at "./_lynguine.yml". creating empty interface.
DEBUG:lynguine.config.interface:2025-05-18 18:38:25,485:Initialising lynguine.assess.Interface object.
DEBUG:lynguine.config.interface:2025-05-18 18:38:25,485:Attempting to open file "./_lamd.yml".
DEBUG:lynguine.config.interface:2025-05-18 18:38:25,485:Reading yaml file "./_lamd.yml"
DEBUG:lynguine.config.interface:2025-05-18 18:38:25,486:Initialising lynguine.assess.Interface object.
INFO:numexpr.utils:2025-05-18 18:38:25,801:NumExpr defaulting to 8 threads.
DEBUG:lynguine.config.interface:2025-05-18 18:38:26,244:Attempting to open file "./_lynguine.yml".
INFO:lynguine.config.interface:2025-05-18 18:38:26,244:No configuration file found at "./_lynguine.yml". creating empty interface.
DEBUG:lynguine.config.interface:2025-05-18 18:38:26,244:Initialising lynguine.assess.Interface object.
DEBUG:lynguine.config.interface:2025-05-18 18:38:26,244:Attempting to open file "./_lamd.yml".
DEBUG:lynguine.config.interface:2025-05-18 18:38:26,244:Reading yaml file "./_lamd.yml"
DEBUG:lynguine.config.interface:2025-05-18 18:38:26,244:Initialising lynguine.assess.Interface object.
INFO:numexpr.utils:2025-05-18 18:38:26,536:NumExpr defaulting to 8 threads.
DEBUG:lynguine.config.interface:2025-05-18 18:38:26,979:Attempting to open file "./_lynguine.yml".
INFO:lynguine.config.interface:2025-05-18 18:38:26,979:No configuration file found at "./_lynguine.yml". creating empty interface.
DEBUG:lynguine.config.interface:2025-05-18 18:38:26,979:Initialising lynguine.assess.Interface object.
DEBUG:lynguine.config.interface:2025-05-18 18:38:26,979:Attempting to open file "./_lamd.yml".
DEBUG:lynguine.config.interface:2025-05-18 18:38:26,979:Reading yaml file "./_lamd.yml"
DEBUG:lynguine.config.interface:2025-05-18 18:38:26,980:Initialising lynguine.assess.Interface object.
INFO:numexpr.utils:2025-05-18 18:38:27,257:NumExpr defaulting to 8 threads.
DEBUG:lynguine.config.interface:2025-05-18 18:38:27,694:Attempting to open file "./_lynguine.yml".
INFO:lynguine.config.interface:2025-05-18 18:38:27,694:No configuration file found at "./_lynguine.yml". creating empty interface.
DEBUG:lynguine.config.interface:2025-05-18 18:38:27,694:Initialising lynguine.assess.Interface object.
INFO:numexpr.utils:2025-05-18 18:38:27,981:NumExpr defaulting to 8 threads.
DEBUG:lynguine.config.interface:2025-05-18 18:38:28,590:Attempting to open file "./_lynguine.yml".
INFO:lynguine.config.interface:2025-05-18 18:38:28,591:No configuration file found at "./_lynguine.yml". creating empty interface.
DEBUG:lynguine.config.interface:2025-05-18 18:38:28,591:Initialising lynguine.assess.Interface object.
DEBUG:lynguine.config.interface:2025-05-18 18:38:28,591:Attempting to open file "./_lamd.yml".
DEBUG:lynguine.config.interface:2025-05-18 18:38:28,591:Reading yaml file "./_lamd.yml"
DEBUG:lynguine.config.interface:2025-05-18 18:38:28,591:Initialising lynguine.assess.Interface object.
INFO:numexpr.utils:2025-05-18 18:38:28,904:NumExpr defaulting to 8 threads.
DEBUG:lynguine.config.interface:2025-05-18 18:38:29,373:Attempting to open file "./_lynguine.yml".
INFO:lynguine.config.interface:2025-05-18 18:38:29,373:No configuration file found at "./_lynguine.yml". creating empty interface.
DEBUG:lynguine.config.interface:2025-05-18 18:38:29,374:Initialising lynguine.assess.Interface object.
INFO:numexpr.utils:2025-05-18 18:38:29,645:NumExpr defaulting to 8 threads.
DEBUG:lynguine.config.interface:2025-05-18 18:38:30,132:Attempting to open file "./_lynguine.yml".
INFO:lynguine.config.interface:2025-05-18 18:38:30,132:No configuration file found at "./_lynguine.yml". creating empty interface.
DEBUG:lynguine.config.interface:2025-05-18 18:38:30,132:Initialising lynguine.assess.Interface object.
DEBUG:lynguine.config.interface:2025-05-18 18:38:30,133:Attempting to open file "./_lamd.yml".
DEBUG:lynguine.config.interface:2025-05-18 18:38:30,133:Reading yaml file "./_lamd.yml"
DEBUG:lynguine.config.interface:2025-05-18 18:38:30,133:Initialising lynguine.assess.Interface object.
INFO:numexpr.utils:2025-05-18 18:38:30,422:NumExpr defaulting to 8 threads.
DEBUG:lynguine.config.interface:2025-05-18 18:38:30,861:Attempting to open file "./_lynguine.yml".
INFO:lynguine.config.interface:2025-05-18 18:38:30,861:No configuration file found at "./_lynguine.yml". creating empty interface.
DEBUG:lynguine.config.interface:2025-05-18 18:38:30,862:Initialising lynguine.assess.Interface object.
DEBUG:lynguine.config.interface:2025-05-18 18:38:30,862:Attempting to open file "./_lamd.yml".
DEBUG:lynguine.config.interface:2025-05-18 18:38:30,862:Reading yaml file "./_lamd.yml"
DEBUG:lynguine.config.interface:2025-05-18 18:38:30,862:Initialising lynguine.assess.Interface object.
INFO:numexpr.utils:2025-05-18 18:38:31,169:NumExpr defaulting to 8 threads.
DEBUG:lynguine.config.interface:2025-05-18 18:38:31,624:Attempting to open file "./_lynguine.yml".
INFO:lynguine.config.interface:2025-05-18 18:38:31,624:No configuration file found at "./_lynguine.yml". creating empty interface.
DEBUG:lynguine.config.interface:2025-05-18 18:38:31,624:Initialising lynguine.assess.Interface object.
DEBUG:lynguine.config.interface:2025-05-18 18:38:31,625:Attempting to open file "./_lamd.yml".
DEBUG:lynguine.config.interface:2025-05-18 18:38:31,625:Reading yaml file "./_lamd.yml"
DEBUG:lynguine.config.interface:2025-05-18 18:38:31,625:Initialising lynguine.assess.Interface object.
INFO:numexpr.utils:2025-05-18 18:38:31,894:NumExpr defaulting to 8 threads.
DEBUG:lynguine.config.interface:2025-05-18 18:38:32,337:Attempting to open file "./_lynguine.yml".
INFO:lynguine.config.interface:2025-05-18 18:38:32,337:No configuration file found at "./_lynguine.yml". creating empty interface.
DEBUG:lynguine.config.interface:2025-05-18 18:38:32,337:Initialising lynguine.assess.Interface object.
DEBUG:lynguine.config.interface:2025-05-18 18:38:32,338:Attempting to open file "./_lamd.yml".
DEBUG:lynguine.config.interface:2025-05-18 18:38:32,338:Reading yaml file "./_lamd.yml"
DEBUG:lynguine.config.interface:2025-05-18 18:38:32,338:Initialising lynguine.assess.Interface object.
INFO:numexpr.utils:2025-05-18 18:38:32,658:NumExpr defaulting to 8 threads.
DEBUG:lynguine.config.interface:2025-05-18 18:38:33,095:Attempting to open file "./_lynguine.yml".
INFO:lynguine.config.interface:2025-05-18 18:38:33,095:No configuration file found at "./_lynguine.yml". creating empty interface.
DEBUG:lynguine.config.interface:2025-05-18 18:38:33,095:Initialising lynguine.assess.Interface object.
INFO:numexpr.utils:2025-05-18 18:38:33,409:NumExpr defaulting to 8 threads.
DEBUG:lynguine.config.interface:2025-05-18 18:38:33,866:Attempting to open file "./_lynguine.yml".
INFO:lynguine.config.interface:2025-05-18 18:38:33,872:No configuration file found at "./_lynguine.yml". creating empty interface.
DEBUG:lynguine.config.interface:2025-05-18 18:38:33,872:Initialising lynguine.assess.Interface object.
DEBUG:lynguine.config.interface:2025-05-18 18:38:33,873:Attempting to open file "./_lamd.yml".
DEBUG:lynguine.config.interface:2025-05-18 18:38:33,873:Reading yaml file "./_lamd.yml"
DEBUG:lynguine.config.interface:2025-05-18 18:38:33,873:Initialising lynguine.assess.Interface object.
INFO:numexpr.utils:2025-05-18 18:38:34,216:NumExpr defaulting to 8 threads.
DEBUG:lynguine.config.interface:2025-05-18 18:38:34,668:Attempting to open file "./_lynguine.yml".
INFO:lynguine.config.interface:2025-05-18 18:38:34,668:No configuration file found at "./_lynguine.yml". creating empty interface.
DEBUG:lynguine.config.interface:2025-05-18 18:38:34,668:Initialising lynguine.assess.Interface object.
DEBUG:lynguine.config.interface:2025-05-18 18:38:34,668:Attempting to open file "./_lamd.yml".
DEBUG:lynguine.config.interface:2025-05-18 18:38:34,668:Reading yaml file "./_lamd.yml"
DEBUG:lynguine.config.interface:2025-05-18 18:38:34,669:Initialising lynguine.assess.Interface object.
INFO:numexpr.utils:2025-05-18 18:38:34,969:NumExpr defaulting to 8 threads.
DEBUG:lynguine.config.interface:2025-05-18 18:38:35,423:Attempting to open file "./_lynguine.yml".
INFO:lynguine.config.interface:2025-05-18 18:38:35,423:No configuration file found at "./_lynguine.yml". creating empty interface.
DEBUG:lynguine.config.interface:2025-05-18 18:38:35,423:Initialising lynguine.assess.Interface object.
DEBUG:lynguine.config.interface:2025-05-18 18:38:35,424:Attempting to open file "./_lamd.yml".
DEBUG:lynguine.config.interface:2025-05-18 18:38:35,424:Reading yaml file "./_lamd.yml"
DEBUG:lynguine.config.interface:2025-05-18 18:38:35,424:Initialising lynguine.assess.Interface object.
INFO:numexpr.utils:2025-05-18 18:38:35,693:NumExpr defaulting to 8 threads.
DEBUG:lynguine.config.interface:2025-05-18 18:38:36,146:Attempting to open file "./_lynguine.yml".
INFO:lynguine.config.interface:2025-05-18 18:38:36,146:No configuration file found at "./_lynguine.yml". creating empty interface.
DEBUG:lynguine.config.interface:2025-05-18 18:38:36,146:Initialising lynguine.assess.Interface object.
DEBUG:lynguine.config.interface:2025-05-18 18:38:36,146:Attempting to open file "./_lamd.yml".
DEBUG:lynguine.config.interface:2025-05-18 18:38:36,146:Reading yaml file "./_lamd.yml"
DEBUG:lynguine.config.interface:2025-05-18 18:38:36,147:Initialising lynguine.assess.Interface object.
INFO:numexpr.utils:2025-05-18 18:38:36,433:NumExpr defaulting to 8 threads.
DEBUG:lynguine.config.interface:2025-05-18 18:38:36,955:Attempting to open file "./_lynguine.yml".
INFO:lynguine.config.interface:2025-05-18 18:38:36,955:No configuration file found at "./_lynguine.yml". creating empty interface.
DEBUG:lynguine.config.interface:2025-05-18 18:38:36,955:Initialising lynguine.assess.Interface object.
INFO:numexpr.utils:2025-05-18 18:38:37,234:NumExpr defaulting to 8 threads.
DEBUG:lynguine.config.interface:2025-05-18 18:38:37,684:Attempting to open file "./_lynguine.yml".
INFO:lynguine.config.interface:2025-05-18 18:38:37,684:No configuration file found at "./_lynguine.yml". creating empty interface.
DEBUG:lynguine.config.interface:2025-05-18 18:38:37,684:Initialising lynguine.assess.Interface object.
DEBUG:lynguine.config.interface:2025-05-18 18:38:37,685:Attempting to open file "./_lamd.yml".
DEBUG:lynguine.config.interface:2025-05-18 18:38:37,685:Reading yaml file "./_lamd.yml"
DEBUG:lynguine.config.interface:2025-05-18 18:38:37,685:Initialising lynguine.assess.Interface object.
INFO:numexpr.utils:2025-05-18 18:38:37,975:NumExpr defaulting to 8 threads.
DEBUG:lynguine.config.interface:2025-05-18 18:38:38,417:Attempting to open file "./_lynguine.yml".
INFO:lynguine.config.interface:2025-05-18 18:38:38,417:No configuration file found at "./_lynguine.yml". creating empty interface.
DEBUG:lynguine.config.interface:2025-05-18 18:38:38,417:Initialising lynguine.assess.Interface object.
INFO:numexpr.utils:2025-05-18 18:38:38,694:NumExpr defaulting to 8 threads.
DEBUG:lynguine.config.interface:2025-05-18 18:38:39,136:Attempting to open file "./_lynguine.yml".
INFO:lynguine.config.interface:2025-05-18 18:38:39,136:No configuration file found at "./_lynguine.yml". creating empty interface.
DEBUG:lynguine.config.interface:2025-05-18 18:38:39,136:Initialising lynguine.assess.Interface object.
DEBUG:lynguine.config.interface:2025-05-18 18:38:39,136:Attempting to open file "./_lamd.yml".
DEBUG:lynguine.config.interface:2025-05-18 18:38:39,136:Reading yaml file "./_lamd.yml"
DEBUG:lynguine.config.interface:2025-05-18 18:38:39,136:Initialising lynguine.assess.Interface object.
INFO:numexpr.utils:2025-05-18 18:38:39,413:NumExpr defaulting to 8 threads.
DEBUG:lynguine.config.interface:2025-05-18 18:38:39,851:Attempting to open file "./_lynguine.yml".
INFO:lynguine.config.interface:2025-05-18 18:38:39,851:No configuration file found at "./_lynguine.yml". creating empty interface.
DEBUG:lynguine.config.interface:2025-05-18 18:38:39,851:Initialising lynguine.assess.Interface object.
DEBUG:lynguine.config.interface:2025-05-18 18:38:39,852:Attempting to open file "./_lamd.yml".
DEBUG:lynguine.config.interface:2025-05-18 18:38:39,852:Reading yaml file "./_lamd.yml"
DEBUG:lynguine.config.interface:2025-05-18 18:38:39,852:Initialising lynguine.assess.Interface object.
INFO:numexpr.utils:2025-05-18 18:38:40,150:NumExpr defaulting to 8 threads.
DEBUG:lynguine.config.interface:2025-05-18 18:38:40,580:Attempting to open file "./_lynguine.yml".
INFO:lynguine.config.interface:2025-05-18 18:38:40,580:No configuration file found at "./_lynguine.yml". creating empty interface.
DEBUG:lynguine.config.interface:2025-05-18 18:38:40,580:Initialising lynguine.assess.Interface object.
DEBUG:lynguine.config.interface:2025-05-18 18:38:40,580:Attempting to open file "./_lamd.yml".
DEBUG:lynguine.config.interface:2025-05-18 18:38:40,580:Reading yaml file "./_lamd.yml"
DEBUG:lynguine.config.interface:2025-05-18 18:38:40,581:Initialising lynguine.assess.Interface object.
INFO:numexpr.utils:2025-05-18 18:38:40,859:NumExpr defaulting to 8 threads.
DEBUG:lynguine.config.interface:2025-05-18 18:38:41,308:Attempting to open file "./_lynguine.yml".
INFO:lynguine.config.interface:2025-05-18 18:38:41,308:No configuration file found at "./_lynguine.yml". creating empty interface.
DEBUG:lynguine.config.interface:2025-05-18 18:38:41,308:Initialising lynguine.assess.Interface object.
DEBUG:lynguine.config.interface:2025-05-18 18:38:41,308:Attempting to open file "./_lamd.yml".
DEBUG:lynguine.config.interface:2025-05-18 18:38:41,308:Reading yaml file "./_lamd.yml"
DEBUG:lynguine.config.interface:2025-05-18 18:38:41,309:Initialising lynguine.assess.Interface object.
INFO:numexpr.utils:2025-05-18 18:38:41,587:NumExpr defaulting to 8 threads.
DEBUG:lynguine.config.interface:2025-05-18 18:38:42,027:Attempting to open file "./_lynguine.yml".
INFO:lynguine.config.interface:2025-05-18 18:38:42,027:No configuration file found at "./_lynguine.yml". creating empty interface.
DEBUG:lynguine.config.interface:2025-05-18 18:38:42,027:Initialising lynguine.assess.Interface object.
INFO:numexpr.utils:2025-05-18 18:38:42,312:NumExpr defaulting to 8 threads.
DEBUG:lynguine.config.interface:2025-05-18 18:38:42,738:Attempting to open file "./_lynguine.yml".
INFO:lynguine.config.interface:2025-05-18 18:38:42,738:No configuration file found at "./_lynguine.yml". creating empty interface.
DEBUG:lynguine.config.interface:2025-05-18 18:38:42,738:Initialising lynguine.assess.Interface object.
DEBUG:lynguine.config.interface:2025-05-18 18:38:42,738:Attempting to open file "./_lamd.yml".
DEBUG:lynguine.config.interface:2025-05-18 18:38:42,738:Reading yaml file "./_lamd.yml"
DEBUG:lynguine.config.interface:2025-05-18 18:38:42,739:Initialising lynguine.assess.Interface object.
INFO:numexpr.utils:2025-05-18 18:38:43,013:NumExpr defaulting to 8 threads.
DEBUG:lynguine.config.interface:2025-05-18 18:38:43,451:Attempting to open file "./_lynguine.yml".
INFO:lynguine.config.interface:2025-05-18 18:38:43,451:No configuration file found at "./_lynguine.yml". creating empty interface.
DEBUG:lynguine.config.interface:2025-05-18 18:38:43,451:Initialising lynguine.assess.Interface object.
INFO:numexpr.utils:2025-05-18 18:38:43,720:NumExpr defaulting to 8 threads.
DEBUG:lynguine.config.interface:2025-05-18 18:38:44,154:Attempting to open file "./_lynguine.yml".
INFO:lynguine.config.interface:2025-05-18 18:38:44,154:No configuration file found at "./_lynguine.yml". creating empty interface.
DEBUG:lynguine.config.interface:2025-05-18 18:38:44,154:Initialising lynguine.assess.Interface object.
DEBUG:lynguine.config.interface:2025-05-18 18:38:44,155:Attempting to open file "./_lamd.yml".
DEBUG:lynguine.config.interface:2025-05-18 18:38:44,155:Reading yaml file "./_lamd.yml"
DEBUG:lynguine.config.interface:2025-05-18 18:38:44,155:Initialising lynguine.assess.Interface object.
INFO:numexpr.utils:2025-05-18 18:38:44,430:NumExpr defaulting to 8 threads.
DEBUG:lynguine.config.interface:2025-05-18 18:38:44,878:Attempting to open file "./_lynguine.yml".
INFO:lynguine.config.interface:2025-05-18 18:38:44,878:No configuration file found at "./_lynguine.yml". creating empty interface.
DEBUG:lynguine.config.interface:2025-05-18 18:38:44,878:Initialising lynguine.assess.Interface object.
INFO:numexpr.utils:2025-05-18 18:38:45,184:NumExpr defaulting to 8 threads.
DEBUG:lynguine.config.interface:2025-05-18 18:38:45,618:Attempting to open file "./_lynguine.yml".
INFO:lynguine.config.interface:2025-05-18 18:38:45,618:No configuration file found at "./_lynguine.yml". creating empty interface.
DEBUG:lynguine.config.interface:2025-05-18 18:38:45,618:Initialising lynguine.assess.Interface object.
DEBUG:lynguine.config.interface:2025-05-18 18:38:45,618:Attempting to open file "./_lamd.yml".
DEBUG:lynguine.config.interface:2025-05-18 18:38:45,618:Reading yaml file "./_lamd.yml"
DEBUG:lynguine.config.interface:2025-05-18 18:38:45,619:Initialising lynguine.assess.Interface object.
INFO:numexpr.utils:2025-05-18 18:38:45,900:NumExpr defaulting to 8 threads.
DEBUG:lynguine.config.interface:2025-05-18 18:38:46,343:Attempting to open file "./_lynguine.yml".
INFO:lynguine.config.interface:2025-05-18 18:38:46,343:No configuration file found at "./_lynguine.yml". creating empty interface.
DEBUG:lynguine.config.interface:2025-05-18 18:38:46,343:Initialising lynguine.assess.Interface object.
INFO:numexpr.utils:2025-05-18 18:38:46,643:NumExpr defaulting to 8 threads.
DEBUG:lynguine.config.interface:2025-05-18 18:38:47,075:Attempting to open file "./_lynguine.yml".
INFO:lynguine.config.interface:2025-05-18 18:38:47,076:No configuration file found at "./_lynguine.yml". creating empty interface.
DEBUG:lynguine.config.interface:2025-05-18 18:38:47,076:Initialising lynguine.assess.Interface object.
DEBUG:lynguine.config.interface:2025-05-18 18:38:47,076:Attempting to open file "./_lamd.yml".
DEBUG:lynguine.config.interface:2025-05-18 18:38:47,076:Reading yaml file "./_lamd.yml"
DEBUG:lynguine.config.interface:2025-05-18 18:38:47,076:Initialising lynguine.assess.Interface object.
INFO:numexpr.utils:2025-05-18 18:38:47,357:NumExpr defaulting to 8 threads.
DEBUG:lynguine.config.interface:2025-05-18 18:38:47,789:Attempting to open file "./_lynguine.yml".
INFO:lynguine.config.interface:2025-05-18 18:38:47,789:No configuration file found at "./_lynguine.yml". creating empty interface.
DEBUG:lynguine.config.interface:2025-05-18 18:38:47,789:Initialising lynguine.assess.Interface object.
INFO:numexpr.utils:2025-05-18 18:38:48,096:NumExpr defaulting to 8 threads.
DEBUG:lynguine.config.interface:2025-05-18 18:38:48,528:Attempting to open file "./_lynguine.yml".
INFO:lynguine.config.interface:2025-05-18 18:38:48,528:No configuration file found at "./_lynguine.yml". creating empty interface.
DEBUG:lynguine.config.interface:2025-05-18 18:38:48,528:Initialising lynguine.assess.Interface object.
DEBUG:lynguine.config.interface:2025-05-18 18:38:48,529:Attempting to open file "./_lamd.yml".
DEBUG:lynguine.config.interface:2025-05-18 18:38:48,529:Reading yaml file "./_lamd.yml"
DEBUG:lynguine.config.interface:2025-05-18 18:38:48,529:Initialising lynguine.assess.Interface object.
INFO:numexpr.utils:2025-05-18 18:38:48,814:NumExpr defaulting to 8 threads.
DEBUG:lynguine.config.interface:2025-05-18 18:38:49,254:Attempting to open file "./_lynguine.yml".
INFO:lynguine.config.interface:2025-05-18 18:38:49,254:No configuration file found at "./_lynguine.yml". creating empty interface.
DEBUG:lynguine.config.interface:2025-05-18 18:38:49,254:Initialising lynguine.assess.Interface object.
INFO:numexpr.utils:2025-05-18 18:38:49,530:NumExpr defaulting to 8 threads.
DEBUG:lynguine.config.interface:2025-05-18 18:38:49,969:Attempting to open file "./_lynguine.yml".
INFO:lynguine.config.interface:2025-05-18 18:38:49,969:No configuration file found at "./_lynguine.yml". creating empty interface.
DEBUG:lynguine.config.interface:2025-05-18 18:38:49,969:Initialising lynguine.assess.Interface object.
DEBUG:lynguine.config.interface:2025-05-18 18:38:49,969:Attempting to open file "./_lamd.yml".
DEBUG:lynguine.config.interface:2025-05-18 18:38:49,970:Reading yaml file "./_lamd.yml"
DEBUG:lynguine.config.interface:2025-05-18 18:38:49,970:Initialising lynguine.assess.Interface object.
INFO:numexpr.utils:2025-05-18 18:38:50,250:NumExpr defaulting to 8 threads.
DEBUG:lynguine.config.interface:2025-05-18 18:38:50,707:Attempting to open file "./_lynguine.yml".
INFO:lynguine.config.interface:2025-05-18 18:38:50,707:No configuration file found at "./_lynguine.yml". creating empty interface.
DEBUG:lynguine.config.interface:2025-05-18 18:38:50,707:Initialising lynguine.assess.Interface object.
DEBUG:lynguine.config.interface:2025-05-18 18:38:50,708:Attempting to open file "./_lamd.yml".
DEBUG:lynguine.config.interface:2025-05-18 18:38:50,708:Reading yaml file "./_lamd.yml"
DEBUG:lynguine.config.interface:2025-05-18 18:38:50,708:Initialising lynguine.assess.Interface object.
INFO:numexpr.utils:2025-05-19 19:49:14,384:NumExpr defaulting to 8 threads.
DEBUG:lynguine.config.interface:2025-05-19 19:49:15,181:Attempting to open file "./_lynguine.yml".
INFO:lynguine.config.interface:2025-05-19 19:49:15,181:No configuration file found at "./_lynguine.yml". creating empty interface.
DEBUG:lynguine.config.interface:2025-05-19 19:49:15,181:Initialising lynguine.assess.Interface object.
INFO:numexpr.utils:2025-05-19 19:49:17,132:NumExpr defaulting to 8 threads.
DEBUG:lynguine.config.interface:2025-05-19 19:49:17,585:Attempting to open file "./_lynguine.yml".
INFO:lynguine.config.interface:2025-05-19 19:49:17,585:No configuration file found at "./_lynguine.yml". creating empty interface.
DEBUG:lynguine.config.interface:2025-05-19 19:49:17,585:Initialising lynguine.assess.Interface object.
DEBUG:lynguine.config.interface:2025-05-19 19:49:17,589:Attempting to open file "./_lamd.yml".
DEBUG:lynguine.config.interface:2025-05-19 19:49:17,589:Reading yaml file "./_lamd.yml"
DEBUG:lynguine.config.interface:2025-05-19 19:49:17,590:Initialising lynguine.assess.Interface object.
INFO:numexpr.utils:2025-05-19 19:49:17,929:NumExpr defaulting to 8 threads.
DEBUG:lynguine.config.interface:2025-05-19 19:49:18,400:Attempting to open file "./_lynguine.yml".
INFO:lynguine.config.interface:2025-05-19 19:49:18,400:No configuration file found at "./_lynguine.yml". creating empty interface.
DEBUG:lynguine.config.interface:2025-05-19 19:49:18,400:Initialising lynguine.assess.Interface object.
INFO:numexpr.utils:2025-05-19 19:49:18,690:NumExpr defaulting to 8 threads.
DEBUG:lynguine.config.interface:2025-05-19 19:49:19,135:Attempting to open file "./_lynguine.yml".
INFO:lynguine.config.interface:2025-05-19 19:49:19,135:No configuration file found at "./_lynguine.yml". creating empty interface.
DEBUG:lynguine.config.interface:2025-05-19 19:49:19,135:Initialising lynguine.assess.Interface object.
DEBUG:lynguine.config.interface:2025-05-19 19:49:19,137:Attempting to open file "./_lamd.yml".
DEBUG:lynguine.config.interface:2025-05-19 19:49:19,137:Reading yaml file "./_lamd.yml"
DEBUG:lynguine.config.interface:2025-05-19 19:49:19,138:Initialising lynguine.assess.Interface object.
INFO:numexpr.utils:2025-05-19 19:49:19,445:NumExpr defaulting to 8 threads.
DEBUG:lynguine.config.interface:2025-05-19 19:49:19,897:Attempting to open file "./_lynguine.yml".
INFO:lynguine.config.interface:2025-05-19 19:49:19,898:No configuration file found at "./_lynguine.yml". creating empty interface.
DEBUG:lynguine.config.interface:2025-05-19 19:49:19,898:Initialising lynguine.assess.Interface object.
DEBUG:lynguine.config.interface:2025-05-19 19:49:19,900:Attempting to open file "./_lamd.yml".
DEBUG:lynguine.config.interface:2025-05-19 19:49:19,900:Reading yaml file "./_lamd.yml"
DEBUG:lynguine.config.interface:2025-05-19 19:49:19,901:Initialising lynguine.assess.Interface object.
INFO:numexpr.utils:2025-05-19 19:49:20,178:NumExpr defaulting to 8 threads.
DEBUG:lynguine.config.interface:2025-05-19 19:49:20,658:Attempting to open file "./_lynguine.yml".
INFO:lynguine.config.interface:2025-05-19 19:49:20,658:No configuration file found at "./_lynguine.yml". creating empty interface.
DEBUG:lynguine.config.interface:2025-05-19 19:49:20,659:Initialising lynguine.assess.Interface object.
INFO:numexpr.utils:2025-05-19 19:49:20,951:NumExpr defaulting to 8 threads.
DEBUG:lynguine.config.interface:2025-05-19 19:49:21,427:Attempting to open file "./_lynguine.yml".
INFO:lynguine.config.interface:2025-05-19 19:49:21,427:No configuration file found at "./_lynguine.yml". creating empty interface.
DEBUG:lynguine.config.interface:2025-05-19 19:49:21,427:Initialising lynguine.assess.Interface object.
DEBUG:lynguine.config.interface:2025-05-19 19:49:21,429:Attempting to open file "./_lamd.yml".
DEBUG:lynguine.config.interface:2025-05-19 19:49:21,429:Reading yaml file "./_lamd.yml"
DEBUG:lynguine.config.interface:2025-05-19 19:49:21,429:Initialising lynguine.assess.Interface object.
INFO:numexpr.utils:2025-05-19 19:49:21,713:NumExpr defaulting to 8 threads.
DEBUG:lynguine.config.interface:2025-05-19 19:49:22,170:Attempting to open file "./_lynguine.yml".
INFO:lynguine.config.interface:2025-05-19 19:49:22,170:No configuration file found at "./_lynguine.yml". creating empty interface.
DEBUG:lynguine.config.interface:2025-05-19 19:49:22,170:Initialising lynguine.assess.Interface object.
INFO:numexpr.utils:2025-05-19 19:49:22,463:NumExpr defaulting to 8 threads.
DEBUG:lynguine.config.interface:2025-05-19 19:49:22,915:Attempting to open file "./_lynguine.yml".
INFO:lynguine.config.interface:2025-05-19 19:49:22,915:No configuration file found at "./_lynguine.yml". creating empty interface.
DEBUG:lynguine.config.interface:2025-05-19 19:49:22,915:Initialising lynguine.assess.Interface object.
DEBUG:lynguine.config.interface:2025-05-19 19:49:22,917:Attempting to open file "./_lamd.yml".
DEBUG:lynguine.config.interface:2025-05-19 19:49:22,917:Reading yaml file "./_lamd.yml"
DEBUG:lynguine.config.interface:2025-05-19 19:49:22,918:Initialising lynguine.assess.Interface object.
INFO:numexpr.utils:2025-05-19 19:49:23,191:NumExpr defaulting to 8 threads.
DEBUG:lynguine.config.interface:2025-05-19 19:49:23,652:Attempting to open file "./_lynguine.yml".
INFO:lynguine.config.interface:2025-05-19 19:49:23,652:No configuration file found at "./_lynguine.yml". creating empty interface.
DEBUG:lynguine.config.interface:2025-05-19 19:49:23,652:Initialising lynguine.assess.Interface object.
INFO:numexpr.utils:2025-05-19 19:49:23,969:NumExpr defaulting to 8 threads.
DEBUG:lynguine.config.interface:2025-05-19 19:49:24,410:Attempting to open file "./_lynguine.yml".
INFO:lynguine.config.interface:2025-05-19 19:49:24,410:No configuration file found at "./_lynguine.yml". creating empty interface.
DEBUG:lynguine.config.interface:2025-05-19 19:49:24,410:Initialising lynguine.assess.Interface object.
DEBUG:lynguine.config.interface:2025-05-19 19:49:24,412:Attempting to open file "./_lamd.yml".
DEBUG:lynguine.config.interface:2025-05-19 19:49:24,412:Reading yaml file "./_lamd.yml"
DEBUG:lynguine.config.interface:2025-05-19 19:49:24,413:Initialising lynguine.assess.Interface object.
INFO:numexpr.utils:2025-05-19 19:49:24,748:NumExpr defaulting to 8 threads.
DEBUG:lynguine.config.interface:2025-05-19 19:49:25,229:Attempting to open file "./_lynguine.yml".
INFO:lynguine.config.interface:2025-05-19 19:49:25,230:No configuration file found at "./_lynguine.yml". creating empty interface.
DEBUG:lynguine.config.interface:2025-05-19 19:49:25,230:Initialising lynguine.assess.Interface object.
INFO:numexpr.utils:2025-05-19 19:49:25,516:NumExpr defaulting to 8 threads.
DEBUG:lynguine.config.interface:2025-05-19 19:49:25,956:Attempting to open file "./_lynguine.yml".
INFO:lynguine.config.interface:2025-05-19 19:49:25,956:No configuration file found at "./_lynguine.yml". creating empty interface.
DEBUG:lynguine.config.interface:2025-05-19 19:49:25,956:Initialising lynguine.assess.Interface object.
DEBUG:lynguine.config.interface:2025-05-19 19:49:25,959:Attempting to open file "./_lamd.yml".
DEBUG:lynguine.config.interface:2025-05-19 19:49:25,959:Reading yaml file "./_lamd.yml"
DEBUG:lynguine.config.interface:2025-05-19 19:49:25,959:Initialising lynguine.assess.Interface object.
INFO:numexpr.utils:2025-05-19 19:49:26,238:NumExpr defaulting to 8 threads.
DEBUG:lynguine.config.interface:2025-05-19 19:49:26,678:Attempting to open file "./_lynguine.yml".
INFO:lynguine.config.interface:2025-05-19 19:49:26,678:No configuration file found at "./_lynguine.yml". creating empty interface.
DEBUG:lynguine.config.interface:2025-05-19 19:49:26,678:Initialising lynguine.assess.Interface object.
DEBUG:lynguine.config.interface:2025-05-19 19:49:26,680:Attempting to open file "./_lamd.yml".
DEBUG:lynguine.config.interface:2025-05-19 19:49:26,680:Reading yaml file "./_lamd.yml"
DEBUG:lynguine.config.interface:2025-05-19 19:49:26,681:Initialising lynguine.assess.Interface object.
INFO:numexpr.utils:2025-05-19 19:49:26,942:NumExpr defaulting to 8 threads.
DEBUG:lynguine.config.interface:2025-05-19 19:49:27,386:Attempting to open file "./_lynguine.yml".
INFO:lynguine.config.interface:2025-05-19 19:49:27,386:No configuration file found at "./_lynguine.yml". creating empty interface.
DEBUG:lynguine.config.interface:2025-05-19 19:49:27,386:Initialising lynguine.assess.Interface object.
DEBUG:lynguine.config.interface:2025-05-19 19:49:27,389:Attempting to open file "./_lamd.yml".
DEBUG:lynguine.config.interface:2025-05-19 19:49:27,389:Reading yaml file "./_lamd.yml"
DEBUG:lynguine.config.interface:2025-05-19 19:49:27,389:Initialising lynguine.assess.Interface object.
INFO:numexpr.utils:2025-05-19 19:49:27,666:NumExpr defaulting to 8 threads.
DEBUG:lynguine.config.interface:2025-05-19 19:49:28,143:Attempting to open file "./_lynguine.yml".
INFO:lynguine.config.interface:2025-05-19 19:49:28,143:No configuration file found at "./_lynguine.yml". creating empty interface.
DEBUG:lynguine.config.interface:2025-05-19 19:49:28,143:Initialising lynguine.assess.Interface object.
DEBUG:lynguine.config.interface:2025-05-19 19:49:28,145:Attempting to open file "./_lamd.yml".
DEBUG:lynguine.config.interface:2025-05-19 19:49:28,145:Reading yaml file "./_lamd.yml"
DEBUG:lynguine.config.interface:2025-05-19 19:49:28,145:Initialising lynguine.assess.Interface object.
INFO:numexpr.utils:2025-05-19 19:49:28,426:NumExpr defaulting to 8 threads.
DEBUG:lynguine.config.interface:2025-05-19 19:49:28,869:Attempting to open file "./_lynguine.yml".
INFO:lynguine.config.interface:2025-05-19 19:49:28,869:No configuration file found at "./_lynguine.yml". creating empty interface.
DEBUG:lynguine.config.interface:2025-05-19 19:49:28,869:Initialising lynguine.assess.Interface object.
INFO:numexpr.utils:2025-05-19 19:49:29,156:NumExpr defaulting to 8 threads.
DEBUG:lynguine.config.interface:2025-05-19 19:49:29,597:Attempting to open file "./_lynguine.yml".
INFO:lynguine.config.interface:2025-05-19 19:49:29,597:No configuration file found at "./_lynguine.yml". creating empty interface.
DEBUG:lynguine.config.interface:2025-05-19 19:49:29,597:Initialising lynguine.assess.Interface object.
DEBUG:lynguine.config.interface:2025-05-19 19:49:29,599:Attempting to open file "./_lamd.yml".
DEBUG:lynguine.config.interface:2025-05-19 19:49:29,599:Reading yaml file "./_lamd.yml"
DEBUG:lynguine.config.interface:2025-05-19 19:49:29,599:Initialising lynguine.assess.Interface object.
INFO:numexpr.utils:2025-05-19 19:49:29,872:NumExpr defaulting to 8 threads.
DEBUG:lynguine.config.interface:2025-05-19 19:49:30,309:Attempting to open file "./_lynguine.yml".
INFO:lynguine.config.interface:2025-05-19 19:49:30,309:No configuration file found at "./_lynguine.yml". creating empty interface.
DEBUG:lynguine.config.interface:2025-05-19 19:49:30,309:Initialising lynguine.assess.Interface object.
INFO:numexpr.utils:2025-05-19 19:49:30,582:NumExpr defaulting to 8 threads.
DEBUG:lynguine.config.interface:2025-05-19 19:49:31,027:Attempting to open file "./_lynguine.yml".
INFO:lynguine.config.interface:2025-05-19 19:49:31,027:No configuration file found at "./_lynguine.yml". creating empty interface.
DEBUG:lynguine.config.interface:2025-05-19 19:49:31,027:Initialising lynguine.assess.Interface object.
DEBUG:lynguine.config.interface:2025-05-19 19:49:31,029:Attempting to open file "./_lamd.yml".
DEBUG:lynguine.config.interface:2025-05-19 19:49:31,029:Reading yaml file "./_lamd.yml"
DEBUG:lynguine.config.interface:2025-05-19 19:49:31,030:Initialising lynguine.assess.Interface object.
INFO:numexpr.utils:2025-05-19 19:49:31,322:NumExpr defaulting to 8 threads.
DEBUG:lynguine.config.interface:2025-05-19 19:49:31,755:Attempting to open file "./_lynguine.yml".
INFO:lynguine.config.interface:2025-05-19 19:49:31,755:No configuration file found at "./_lynguine.yml". creating empty interface.
DEBUG:lynguine.config.interface:2025-05-19 19:49:31,755:Initialising lynguine.assess.Interface object.
DEBUG:lynguine.config.interface:2025-05-19 19:49:31,757:Attempting to open file "./_lamd.yml".
DEBUG:lynguine.config.interface:2025-05-19 19:49:31,757:Reading yaml file "./_lamd.yml"
DEBUG:lynguine.config.interface:2025-05-19 19:49:31,758:Initialising lynguine.assess.Interface object.
INFO:numexpr.utils:2025-05-19 19:49:32,042:NumExpr defaulting to 8 threads.
DEBUG:lynguine.config.interface:2025-05-19 19:49:32,482:Attempting to open file "./_lynguine.yml".
INFO:lynguine.config.interface:2025-05-19 19:49:32,482:No configuration file found at "./_lynguine.yml". creating empty interface.
DEBUG:lynguine.config.interface:2025-05-19 19:49:32,482:Initialising lynguine.assess.Interface object.
DEBUG:lynguine.config.interface:2025-05-19 19:49:32,485:Attempting to open file "./_lamd.yml".
DEBUG:lynguine.config.interface:2025-05-19 19:49:32,485:Reading yaml file "./_lamd.yml"
DEBUG:lynguine.config.interface:2025-05-19 19:49:32,485:Initialising lynguine.assess.Interface object.
INFO:numexpr.utils:2025-05-19 19:49:32,757:NumExpr defaulting to 8 threads.
DEBUG:lynguine.config.interface:2025-05-19 19:49:33,184:Attempting to open file "./_lynguine.yml".
INFO:lynguine.config.interface:2025-05-19 19:49:33,184:No configuration file found at "./_lynguine.yml". creating empty interface.
DEBUG:lynguine.config.interface:2025-05-19 19:49:33,185:Initialising lynguine.assess.Interface object.
DEBUG:lynguine.config.interface:2025-05-19 19:49:33,187:Attempting to open file "./_lamd.yml".
DEBUG:lynguine.config.interface:2025-05-19 19:49:33,187:Reading yaml file "./_lamd.yml"
DEBUG:lynguine.config.interface:2025-05-19 19:49:33,187:Initialising lynguine.assess.Interface object.
INFO:numexpr.utils:2025-05-19 19:49:33,458:NumExpr defaulting to 8 threads.
DEBUG:lynguine.config.interface:2025-05-19 19:49:33,900:Attempting to open file "./_lynguine.yml".
INFO:lynguine.config.interface:2025-05-19 19:49:33,900:No configuration file found at "./_lynguine.yml". creating empty interface.
DEBUG:lynguine.config.interface:2025-05-19 19:49:33,900:Initialising lynguine.assess.Interface object.
INFO:numexpr.utils:2025-05-19 19:49:34,174:NumExpr defaulting to 8 threads.
DEBUG:lynguine.config.interface:2025-05-19 19:49:34,617:Attempting to open file "./_lynguine.yml".
INFO:lynguine.config.interface:2025-05-19 19:49:34,617:No configuration file found at "./_lynguine.yml". creating empty interface.
DEBUG:lynguine.config.interface:2025-05-19 19:49:34,617:Initialising lynguine.assess.Interface object.
DEBUG:lynguine.config.interface:2025-05-19 19:49:34,619:Attempting to open file "./_lamd.yml".
DEBUG:lynguine.config.interface:2025-05-19 19:49:34,619:Reading yaml file "./_lamd.yml"
DEBUG:lynguine.config.interface:2025-05-19 19:49:34,620:Initialising lynguine.assess.Interface object.
INFO:numexpr.utils:2025-05-19 19:49:34,904:NumExpr defaulting to 8 threads.
DEBUG:lynguine.config.interface:2025-05-19 19:49:35,332:Attempting to open file "./_lynguine.yml".
INFO:lynguine.config.interface:2025-05-19 19:49:35,332:No configuration file found at "./_lynguine.yml". creating empty interface.
DEBUG:lynguine.config.interface:2025-05-19 19:49:35,332:Initialising lynguine.assess.Interface object.
DEBUG:lynguine.config.interface:2025-05-19 19:49:35,334:Attempting to open file "./_lamd.yml".
DEBUG:lynguine.config.interface:2025-05-19 19:49:35,334:Reading yaml file "./_lamd.yml"
DEBUG:lynguine.config.interface:2025-05-19 19:49:35,334:Initialising lynguine.assess.Interface object.
INFO:numexpr.utils:2025-05-19 19:49:35,601:NumExpr defaulting to 8 threads.
DEBUG:lynguine.config.interface:2025-05-19 19:49:36,047:Attempting to open file "./_lynguine.yml".
INFO:lynguine.config.interface:2025-05-19 19:49:36,047:No configuration file found at "./_lynguine.yml". creating empty interface.
DEBUG:lynguine.config.interface:2025-05-19 19:49:36,048:Initialising lynguine.assess.Interface object.
DEBUG:lynguine.config.interface:2025-05-19 19:49:36,050:Attempting to open file "./_lamd.yml".
DEBUG:lynguine.config.interface:2025-05-19 19:49:36,050:Reading yaml file "./_lamd.yml"
DEBUG:lynguine.config.interface:2025-05-19 19:49:36,050:Initialising lynguine.assess.Interface object.
INFO:numexpr.utils:2025-05-19 19:49:36,339:NumExpr defaulting to 8 threads.
DEBUG:lynguine.config.interface:2025-05-19 19:49:36,901:Attempting to open file "./_lynguine.yml".
INFO:lynguine.config.interface:2025-05-19 19:49:36,901:No configuration file found at "./_lynguine.yml". creating empty interface.
DEBUG:lynguine.config.interface:2025-05-19 19:49:36,901:Initialising lynguine.assess.Interface object.
DEBUG:lynguine.config.interface:2025-05-19 19:49:36,904:Attempting to open file "./_lamd.yml".
DEBUG:lynguine.config.interface:2025-05-19 19:49:36,904:Reading yaml file "./_lamd.yml"
DEBUG:lynguine.config.interface:2025-05-19 19:49:36,904:Initialising lynguine.assess.Interface object.
INFO:numexpr.utils:2025-05-19 19:49:37,243:NumExpr defaulting to 8 threads.
DEBUG:lynguine.config.interface:2025-05-19 19:49:37,704:Attempting to open file "./_lynguine.yml".
INFO:lynguine.config.interface:2025-05-19 19:49:37,704:No configuration file found at "./_lynguine.yml". creating empty interface.
DEBUG:lynguine.config.interface:2025-05-19 19:49:37,705:Initialising lynguine.assess.Interface object.
INFO:numexpr.utils:2025-05-19 19:49:38,012:NumExpr defaulting to 8 threads.
DEBUG:lynguine.config.interface:2025-05-19 19:49:38,447:Attempting to open file "./_lynguine.yml".
INFO:lynguine.config.interface:2025-05-19 19:49:38,447:No configuration file found at "./_lynguine.yml". creating empty interface.
DEBUG:lynguine.config.interface:2025-05-19 19:49:38,447:Initialising lynguine.assess.Interface object.
DEBUG:lynguine.config.interface:2025-05-19 19:49:38,449:Attempting to open file "./_lamd.yml".
DEBUG:lynguine.config.interface:2025-05-19 19:49:38,450:Reading yaml file "./_lamd.yml"
DEBUG:lynguine.config.interface:2025-05-19 19:49:38,450:Initialising lynguine.assess.Interface object.
INFO:numexpr.utils:2025-05-19 19:49:38,747:NumExpr defaulting to 8 threads.
DEBUG:lynguine.config.interface:2025-05-19 19:49:39,189:Attempting to open file "./_lynguine.yml".
INFO:lynguine.config.interface:2025-05-19 19:49:39,190:No configuration file found at "./_lynguine.yml". creating empty interface.
DEBUG:lynguine.config.interface:2025-05-19 19:49:39,190:Initialising lynguine.assess.Interface object.
INFO:numexpr.utils:2025-05-19 19:49:39,500:NumExpr defaulting to 8 threads.
DEBUG:lynguine.config.interface:2025-05-19 19:49:39,936:Attempting to open file "./_lynguine.yml".
INFO:lynguine.config.interface:2025-05-19 19:49:39,936:No configuration file found at "./_lynguine.yml". creating empty interface.
DEBUG:lynguine.config.interface:2025-05-19 19:49:39,936:Initialising lynguine.assess.Interface object.
DEBUG:lynguine.config.interface:2025-05-19 19:49:39,939:Attempting to open file "./_lamd.yml".
DEBUG:lynguine.config.interface:2025-05-19 19:49:39,939:Reading yaml file "./_lamd.yml"
DEBUG:lynguine.config.interface:2025-05-19 19:49:39,939:Initialising lynguine.assess.Interface object.
INFO:numexpr.utils:2025-05-19 19:49:40,201:NumExpr defaulting to 8 threads.
DEBUG:lynguine.config.interface:2025-05-19 19:49:40,690:Attempting to open file "./_lynguine.yml".
INFO:lynguine.config.interface:2025-05-19 19:49:40,690:No configuration file found at "./_lynguine.yml". creating empty interface.
DEBUG:lynguine.config.interface:2025-05-19 19:49:40,690:Initialising lynguine.assess.Interface object.
DEBUG:lynguine.config.interface:2025-05-19 19:49:40,693:Attempting to open file "./_lamd.yml".
DEBUG:lynguine.config.interface:2025-05-19 19:49:40,693:Reading yaml file "./_lamd.yml"
DEBUG:lynguine.config.interface:2025-05-19 19:49:40,693:Initialising lynguine.assess.Interface object.
INFO:numexpr.utils:2025-05-19 19:49:40,965:NumExpr defaulting to 8 threads.
DEBUG:lynguine.config.interface:2025-05-19 19:49:41,401:Attempting to open file "./_lynguine.yml".
INFO:lynguine.config.interface:2025-05-19 19:49:41,401:No configuration file found at "./_lynguine.yml". creating empty interface.
DEBUG:lynguine.config.interface:2025-05-19 19:49:41,401:Initialising lynguine.assess.Interface object.
DEBUG:lynguine.config.interface:2025-05-19 19:49:41,403:Attempting to open file "./_lamd.yml".
DEBUG:lynguine.config.interface:2025-05-19 19:49:41,403:Reading yaml file "./_lamd.yml"
DEBUG:lynguine.config.interface:2025-05-19 19:49:41,403:Initialising lynguine.assess.Interface object.
INFO:numexpr.utils:2025-05-19 19:49:41,689:NumExpr defaulting to 8 threads.
DEBUG:lynguine.config.interface:2025-05-19 19:49:42,122:Attempting to open file "./_lynguine.yml".
INFO:lynguine.config.interface:2025-05-19 19:49:42,122:No configuration file found at "./_lynguine.yml". creating empty interface.
DEBUG:lynguine.config.interface:2025-05-19 19:49:42,122:Initialising lynguine.assess.Interface object.
DEBUG:lynguine.config.interface:2025-05-19 19:49:42,124:Attempting to open file "./_lamd.yml".
DEBUG:lynguine.config.interface:2025-05-19 19:49:42,124:Reading yaml file "./_lamd.yml"
DEBUG:lynguine.config.interface:2025-05-19 19:49:42,124:Initialising lynguine.assess.Interface object.
INFO:numexpr.utils:2025-05-19 19:49:42,411:NumExpr defaulting to 8 threads.
DEBUG:lynguine.config.interface:2025-05-19 19:49:42,879:Attempting to open file "./_lynguine.yml".
INFO:lynguine.config.interface:2025-05-19 19:49:42,879:No configuration file found at "./_lynguine.yml". creating empty interface.
DEBUG:lynguine.config.interface:2025-05-19 19:49:42,879:Initialising lynguine.assess.Interface object.
INFO:numexpr.utils:2025-05-19 19:49:43,164:NumExpr defaulting to 8 threads.
DEBUG:lynguine.config.interface:2025-05-19 19:49:43,618:Attempting to open file "./_lynguine.yml".
INFO:lynguine.config.interface:2025-05-19 19:49:43,618:No configuration file found at "./_lynguine.yml". creating empty interface.
DEBUG:lynguine.config.interface:2025-05-19 19:49:43,618:Initialising lynguine.assess.Interface object.
DEBUG:lynguine.config.interface:2025-05-19 19:49:43,621:Attempting to open file "./_lamd.yml".
DEBUG:lynguine.config.interface:2025-05-19 19:49:43,621:Reading yaml file "./_lamd.yml"
DEBUG:lynguine.config.interface:2025-05-19 19:49:43,621:Initialising lynguine.assess.Interface object.
INFO:numexpr.utils:2025-05-19 19:49:43,934:NumExpr defaulting to 8 threads.
DEBUG:lynguine.config.interface:2025-05-19 19:49:44,487:Attempting to open file "./_lynguine.yml".
INFO:lynguine.config.interface:2025-05-19 19:49:44,487:No configuration file found at "./_lynguine.yml". creating empty interface.
DEBUG:lynguine.config.interface:2025-05-19 19:49:44,487:Initialising lynguine.assess.Interface object.
INFO:numexpr.utils:2025-05-19 19:49:44,850:NumExpr defaulting to 8 threads.
DEBUG:lynguine.config.interface:2025-05-19 19:49:45,455:Attempting to open file "./_lynguine.yml".
INFO:lynguine.config.interface:2025-05-19 19:49:45,455:No configuration file found at "./_lynguine.yml". creating empty interface.
DEBUG:lynguine.config.interface:2025-05-19 19:49:45,455:Initialising lynguine.assess.Interface object.
DEBUG:lynguine.config.interface:2025-05-19 19:49:45,457:Attempting to open file "./_lamd.yml".
DEBUG:lynguine.config.interface:2025-05-19 19:49:45,457:Reading yaml file "./_lamd.yml"
DEBUG:lynguine.config.interface:2025-05-19 19:49:45,457:Initialising lynguine.assess.Interface object.
INFO:numexpr.utils:2025-05-19 19:49:45,933:NumExpr defaulting to 8 threads.
DEBUG:lynguine.config.interface:2025-05-19 19:49:46,543:Attempting to open file "./_lynguine.yml".
INFO:lynguine.config.interface:2025-05-19 19:49:46,543:No configuration file found at "./_lynguine.yml". creating empty interface.
DEBUG:lynguine.config.interface:2025-05-19 19:49:46,543:Initialising lynguine.assess.Interface object.
INFO:numexpr.utils:2025-05-19 19:49:46,833:NumExpr defaulting to 8 threads.
DEBUG:lynguine.config.interface:2025-05-19 19:49:47,289:Attempting to open file "./_lynguine.yml".
INFO:lynguine.config.interface:2025-05-19 19:49:47,289:No configuration file found at "./_lynguine.yml". creating empty interface.
DEBUG:lynguine.config.interface:2025-05-19 19:49:47,289:Initialising lynguine.assess.Interface object.
DEBUG:lynguine.config.interface:2025-05-19 19:49:47,291:Attempting to open file "./_lamd.yml".
DEBUG:lynguine.config.interface:2025-05-19 19:49:47,291:Reading yaml file "./_lamd.yml"
DEBUG:lynguine.config.interface:2025-05-19 19:49:47,291:Initialising lynguine.assess.Interface object.
INFO:numexpr.utils:2025-05-19 19:49:47,560:NumExpr defaulting to 8 threads.
DEBUG:lynguine.config.interface:2025-05-19 19:49:47,989:Attempting to open file "./_lynguine.yml".
INFO:lynguine.config.interface:2025-05-19 19:49:47,989:No configuration file found at "./_lynguine.yml". creating empty interface.
DEBUG:lynguine.config.interface:2025-05-19 19:49:47,989:Initialising lynguine.assess.Interface object.
INFO:numexpr.utils:2025-05-19 19:49:48,253:NumExpr defaulting to 8 threads.
DEBUG:lynguine.config.interface:2025-05-19 19:49:48,673:Attempting to open file "./_lynguine.yml".
INFO:lynguine.config.interface:2025-05-19 19:49:48,673:No configuration file found at "./_lynguine.yml". creating empty interface.
DEBUG:lynguine.config.interface:2025-05-19 19:49:48,673:Initialising lynguine.assess.Interface object.
DEBUG:lynguine.config.interface:2025-05-19 19:49:48,675:Attempting to open file "./_lamd.yml".
DEBUG:lynguine.config.interface:2025-05-19 19:49:48,675:Reading yaml file "./_lamd.yml"
DEBUG:lynguine.config.interface:2025-05-19 19:49:48,676:Initialising lynguine.assess.Interface object.
INFO:numexpr.utils:2025-05-19 19:49:48,939:NumExpr defaulting to 8 threads.
DEBUG:lynguine.config.interface:2025-05-19 19:49:49,369:Attempting to open file "./_lynguine.yml".
INFO:lynguine.config.interface:2025-05-19 19:49:49,369:No configuration file found at "./_lynguine.yml". creating empty interface.
DEBUG:lynguine.config.interface:2025-05-19 19:49:49,369:Initialising lynguine.assess.Interface object.
INFO:numexpr.utils:2025-05-19 19:49:49,632:NumExpr defaulting to 8 threads.
DEBUG:lynguine.config.interface:2025-05-19 19:49:50,063:Attempting to open file "./_lynguine.yml".
INFO:lynguine.config.interface:2025-05-19 19:49:50,063:No configuration file found at "./_lynguine.yml". creating empty interface.
DEBUG:lynguine.config.interface:2025-05-19 19:49:50,063:Initialising lynguine.assess.Interface object.
DEBUG:lynguine.config.interface:2025-05-19 19:49:50,065:Attempting to open file "./_lamd.yml".
DEBUG:lynguine.config.interface:2025-05-19 19:49:50,065:Reading yaml file "./_lamd.yml"
DEBUG:lynguine.config.interface:2025-05-19 19:49:50,065:Initialising lynguine.assess.Interface object.
INFO:numexpr.utils:2025-05-19 19:49:50,330:NumExpr defaulting to 8 threads.
DEBUG:lynguine.config.interface:2025-05-19 19:49:50,751:Attempting to open file "./_lynguine.yml".
INFO:lynguine.config.interface:2025-05-19 19:49:50,751:No configuration file found at "./_lynguine.yml". creating empty interface.
DEBUG:lynguine.config.interface:2025-05-19 19:49:50,751:Initialising lynguine.assess.Interface object.
INFO:numexpr.utils:2025-05-19 19:49:51,013:NumExpr defaulting to 8 threads.
DEBUG:lynguine.config.interface:2025-05-19 19:49:51,440:Attempting to open file "./_lynguine.yml".
INFO:lynguine.config.interface:2025-05-19 19:49:51,440:No configuration file found at "./_lynguine.yml". creating empty interface.
DEBUG:lynguine.config.interface:2025-05-19 19:49:51,440:Initialising lynguine.assess.Interface object.
DEBUG:lynguine.config.interface:2025-05-19 19:49:51,442:Attempting to open file "./_lamd.yml".
DEBUG:lynguine.config.interface:2025-05-19 19:49:51,442:Reading yaml file "./_lamd.yml"
DEBUG:lynguine.config.interface:2025-05-19 19:49:51,443:Initialising lynguine.assess.Interface object.
INFO:numexpr.utils:2025-05-19 19:49:51,699:NumExpr defaulting to 8 threads.
DEBUG:lynguine.config.interface:2025-05-19 19:49:52,123:Attempting to open file "./_lynguine.yml".
INFO:lynguine.config.interface:2025-05-19 19:49:52,123:No configuration file found at "./_lynguine.yml". creating empty interface.
DEBUG:lynguine.config.interface:2025-05-19 19:49:52,124:Initialising lynguine.assess.Interface object.
DEBUG:lynguine.config.interface:2025-05-19 19:49:52,126:Attempting to open file "./_lamd.yml".
DEBUG:lynguine.config.interface:2025-05-19 19:49:52,126:Reading yaml file "./_lamd.yml"
DEBUG:lynguine.config.interface:2025-05-19 19:49:52,126:Initialising lynguine.assess.Interface object.
